[0m[[0m[0mdebug[0m] [0m[0mRunning TaskDef(edu.neu.coe.csye7200.asstmd.MovieSpec, org.scalatest.tools.Framework$$anon$1@cb19010, false, [SuiteSelector])[0m
[0m[[0m[0mdebug[0m] [0m[0mRunning TaskDef(edu.neu.coe.csye7200.asstmd.IngestSpec, org.scalatest.tools.Framework$$anon$1@cb19010, false, [SuiteSelector])[0m
[0m[[0m[0minfo[0m] [0m[0m[32mIngestSpec:[0m[0m
[0m[[0m[0minfo[0m] [0m[0m[32mingest[0m[0m
[0m[[0m[0minfo[0m] [0m[0m[32m- should work for Int[0m[0m
[0m[[0m[0minfo[0m] [0m[0m[31m- should work for movie database *** FAILED ***[0m[0m
[0m[[0m[0minfo[0m] [0m[0m[31m  0 was not equal to 4 (IngestSpec.scala:42)[0m[0m
[0m[[0m[0minfo[0m] [0m[0m[32mMovieSpec:[0m[0m
[0m[[0m[0minfo[0m] [0m[0m[32mName[0m[0m
[0m[[0m[0minfo[0m] [0m[0m[32m- should work for String[0m[0m
[0m[[0m[0minfo[0m] [0m[0m[32m- should work for Name[0m[0m
[0m[[0m[0minfo[0m] [0m[0m[32mPrincipal[0m[0m
[0m[[0m[0minfo[0m] [0m[0m[32m- should work for String, Int[0m[0m
[0m[[0m[0minfo[0m] [0m[0m[32m- should work for List[String][0m[0m
[0m[[0m[0minfo[0m] [0m[0m[32mRating[0m[0m
[0m[[0m[0minfo[0m] [0m[0m[32m- should work for String, Int[0m[0m
[0m[[0m[0minfo[0m] [0m[0m[31m- should work for PG-13 *** FAILED ***[0m[0m
[0m[[0m[0minfo[0m] [0m[0m[31m  scala.NotImplementedError: an implementation is missing[0m[0m
[0m[[0m[0minfo[0m] [0m[0m[31m  at scala.Predef$.$qmark$qmark$qmark(Predef.scala:345)[0m[0m
[0m[[0m[0minfo[0m] [0m[0m[31m  at edu.neu.coe.csye7200.asstmd.Rating$.apply(Movie.scala:222)[0m[0m
[0m[[0m[0minfo[0m] [0m[0m[31m  at edu.neu.coe.csye7200.asstmd.MovieSpec.$anonfun$new$6(MovieSpec.scala:68)[0m[0m
[0m[[0m[0minfo[0m] [0m[0m[31m  at org.scalatest.OutcomeOf.outcomeOf(OutcomeOf.scala:85)[0m[0m
[0m[[0m[0minfo[0m] [0m[0m[31m  at org.scalatest.OutcomeOf.outcomeOf$(OutcomeOf.scala:83)[0m[0m
[0m[[0m[0minfo[0m] [0m[0m[31m  at org.scalatest.OutcomeOf$.outcomeOf(OutcomeOf.scala:104)[0m[0m
[0m[[0m[0minfo[0m] [0m[0m[31m  at org.scalatest.Transformer.apply(Transformer.scala:22)[0m[0m
[0m[[0m[0minfo[0m] [0m[0m[31m  at org.scalatest.Transformer.apply(Transformer.scala:20)[0m[0m
[0m[[0m[0minfo[0m] [0m[0m[31m  at org.scalatest.flatspec.AnyFlatSpecLike$$anon$5.apply(AnyFlatSpecLike.scala:1683)[0m[0m
[0m[[0m[0minfo[0m] [0m[0m[31m  at org.scalatest.TestSuite.withFixture(TestSuite.scala:196)[0m[0m
[0m[[0m[0minfo[0m] [0m[0m[31m  ...[0m[0m
[0m[[0m[0minfo[0m] [0m[0m[31m- should work for R *** FAILED ***[0m[0m
[0m[[0m[0minfo[0m] [0m[0m[31m  scala.NotImplementedError: an implementation is missing[0m[0m
[0m[[0m[0minfo[0m] [0m[0m[31m  at scala.Predef$.$qmark$qmark$qmark(Predef.scala:345)[0m[0m
[0m[[0m[0minfo[0m] [0m[0m[31m  at edu.neu.coe.csye7200.asstmd.Rating$.apply(Movie.scala:222)[0m[0m
[0m[[0m[0minfo[0m] [0m[0m[31m  at edu.neu.coe.csye7200.asstmd.MovieSpec.$anonfun$new$7(MovieSpec.scala:74)[0m[0m
[0m[[0m[0minfo[0m] [0m[0m[31m  at org.scalatest.OutcomeOf.outcomeOf(OutcomeOf.scala:85)[0m[0m
[0m[[0m[0minfo[0m] [0m[0m[31m  at org.scalatest.OutcomeOf.outcomeOf$(OutcomeOf.scala:83)[0m[0m
[0m[[0m[0minfo[0m] [0m[0m[31m  at org.scalatest.OutcomeOf$.outcomeOf(OutcomeOf.scala:104)[0m[0m
[0m[[0m[0minfo[0m] [0m[0m[31m  at org.scalatest.Transformer.apply(Transformer.scala:22)[0m[0m
[0m[[0m[0minfo[0m] [0m[0m[31m  at org.scalatest.Transformer.apply(Transformer.scala:20)[0m[0m
[0m[[0m[0minfo[0m] [0m[0m[31m  at org.scalatest.flatspec.AnyFlatSpecLike$$anon$5.apply(AnyFlatSpecLike.scala:1683)[0m[0m
[0m[[0m[0minfo[0m] [0m[0m[31m  at org.scalatest.TestSuite.withFixture(TestSuite.scala:196)[0m[0m
[0m[[0m[0minfo[0m] [0m[0m[31m  ...[0m[0m
[0m[[0m[0minfo[0m] [0m[0m[31m- should work for PG-0 *** FAILED ***[0m[0m
[0m[[0m[0minfo[0m] [0m[0m[31m  Expected exception java.lang.Exception to be thrown, but scala.NotImplementedError was thrown (MovieSpec.scala:80)[0m[0m
[0m[[0m[0minfo[0m] [0m[0m[31m- should work for PG-XX *** FAILED ***[0m[0m
[0m[[0m[0minfo[0m] [0m[0m[31m  Expected exception java.lang.Exception to be thrown, but scala.NotImplementedError was thrown (MovieSpec.scala:83)[0m[0m
[0m[[0m[0minfo[0m] [0m[0m[32mFormat[0m[0m
[0m[[0m[0minfo[0m] [0m[0m[32m- should work for Boolean, String, Double, Int[0m[0m
[0m[[0m[0minfo[0m] [0m[0m[32m- should work for List[String][0m[0m
[0m[[0m[0minfo[0m] [0m[0m[32mProduction[0m[0m
[0m[[0m[0minfo[0m] [0m[0m[32m- should work for String, Int[0m[0m
[0m[[0m[0minfo[0m] [0m[0m[32m- should work for List[String][0m[0m
[0m[[0m[0minfo[0m] [0m[0m[32m- should define isKiwi properly[0m[0m
[0m[[0m[0minfo[0m] [0m[0m[32mReviews[0m[0m
[0m[[0m[0minfo[0m] [0m[0m[31m- should work for params *** FAILED ***[0m[0m
[0m[[0m[0minfo[0m] [0m[0m[31m  scala.NotImplementedError: an implementation is missing[0m[0m
[0m[[0m[0minfo[0m] [0m[0m[31m  at scala.Predef$.$qmark$qmark$qmark(Predef.scala:345)[0m[0m
[0m[[0m[0minfo[0m] [0m[0m[31m  at edu.neu.coe.csye7200.asstmd.Rating$.apply(Movie.scala:222)[0m[0m
[0m[[0m[0minfo[0m] [0m[0m[31m  at edu.neu.coe.csye7200.asstmd.MovieSpec.$anonfun$new$17(MovieSpec.scala:123)[0m[0m
[0m[[0m[0minfo[0m] [0m[0m[31m  at org.scalatest.OutcomeOf.outcomeOf(OutcomeOf.scala:85)[0m[0m
[0m[[0m[0minfo[0m] [0m[0m[31m  at org.scalatest.OutcomeOf.outcomeOf$(OutcomeOf.scala:83)[0m[0m
[0m[[0m[0minfo[0m] [0m[0m[31m  at org.scalatest.OutcomeOf$.outcomeOf(OutcomeOf.scala:104)[0m[0m
[0m[[0m[0minfo[0m] [0m[0m[31m  at org.scalatest.Transformer.apply(Transformer.scala:22)[0m[0m
[0m[[0m[0minfo[0m] [0m[0m[31m  at org.scalatest.Transformer.apply(Transformer.scala:20)[0m[0m
[0m[[0m[0minfo[0m] [0m[0m[31m  at org.scalatest.flatspec.AnyFlatSpecLike$$anon$5.apply(AnyFlatSpecLike.scala:1683)[0m[0m
[0m[[0m[0minfo[0m] [0m[0m[31m  at org.scalatest.TestSuite.withFixture(TestSuite.scala:196)[0m[0m
[0m[[0m[0minfo[0m] [0m[0m[31m  ...[0m[0m
[0m[[0m[0minfo[0m] [0m[0m[31m- should work for List[String] *** FAILED ***[0m[0m
[0m[[0m[0minfo[0m] [0m[0m[31m  scala.NotImplementedError: an implementation is missing[0m[0m
[0m[[0m[0minfo[0m] [0m[0m[31m  at scala.Predef$.$qmark$qmark$qmark(Predef.scala:345)[0m[0m
[0m[[0m[0minfo[0m] [0m[0m[31m  at edu.neu.coe.csye7200.asstmd.Rating$.apply(Movie.scala:222)[0m[0m
[0m[[0m[0minfo[0m] [0m[0m[31m  at edu.neu.coe.csye7200.asstmd.Reviews$.apply(Movie.scala:177)[0m[0m
[0m[[0m[0minfo[0m] [0m[0m[31m  at edu.neu.coe.csye7200.asstmd.MovieSpec.$anonfun$new$18(MovieSpec.scala:129)[0m[0m
[0m[[0m[0minfo[0m] [0m[0m[31m  at org.scalatest.OutcomeOf.outcomeOf(OutcomeOf.scala:85)[0m[0m
[0m[[0m[0minfo[0m] [0m[0m[31m  at org.scalatest.OutcomeOf.outcomeOf$(OutcomeOf.scala:83)[0m[0m
[0m[[0m[0minfo[0m] [0m[0m[31m  at org.scalatest.OutcomeOf$.outcomeOf(OutcomeOf.scala:104)[0m[0m
[0m[[0m[0minfo[0m] [0m[0m[31m  at org.scalatest.Transformer.apply(Transformer.scala:22)[0m[0m
[0m[[0m[0minfo[0m] [0m[0m[31m  at org.scalatest.Transformer.apply(Transformer.scala:20)[0m[0m
[0m[[0m[0minfo[0m] [0m[0m[31m  at org.scalatest.flatspec.AnyFlatSpecLike$$anon$5.apply(AnyFlatSpecLike.scala:1683)[0m[0m
[0m[[0m[0minfo[0m] [0m[0m[31m  ...[0m[0m
[0m[[0m[0minfo[0m] [0m[0m[36mRun completed in 1 second, 743 milliseconds.[0m[0m
[0m[[0m[0minfo[0m] [0m[0m[36mTotal number of tests run: 18[0m[0m
[0m[[0m[0minfo[0m] [0m[0m[36mSuites: completed 2, aborted 0[0m[0m
[0m[[0m[0minfo[0m] [0m[0m[36mTests: succeeded 11, failed 7, canceled 0, ignored 0, pending 0[0m[0m
[0m[[0m[0minfo[0m] [0m[0m[31m*** 7 TESTS FAILED ***[0m[0m
[0m[[0m[31merror[0m] [0m[0mFailed tests:[0m
[0m[[0m[31merror[0m] [0m[0m	edu.neu.coe.csye7200.asstmd.MovieSpec[0m
[0m[[0m[31merror[0m] [0m[0m	edu.neu.coe.csye7200.asstmd.IngestSpec[0m
[0m[[0m[31merror[0m] [0m[0m(Test / [31mtest[0m) sbt.TestsFailedException: Tests unsuccessful[0m
